[2020-04-15 09:03:27] local.ERROR: Command "preset" is not defined. {"exception":"[object] (Symfony\\Component\\Console\\Exception\\CommandNotFoundException(code: 0): Command \"preset\" is not defined. at /home/merlijn/PhpstormProjects/nz-evenementenregistratie/vendor/symfony/console/Application.php:644)
[stacktrace]
#0 /home/merlijn/PhpstormProjects/nz-evenementenregistratie/vendor/symfony/console/Application.php(228): Symfony\\Component\\Console\\Application->find('preset')
#1 /home/merlijn/PhpstormProjects/nz-evenementenregistratie/vendor/symfony/console/Application.php(140): Symfony\\Component\\Console\\Application->doRun(Object(Symfony\\Component\\Console\\Input\\ArgvInput), Object(Symfony\\Component\\Console\\Output\\ConsoleOutput))
#2 /home/merlijn/PhpstormProjects/nz-evenementenregistratie/vendor/laravel/framework/src/Illuminate/Console/Application.php(93): Symfony\\Component\\Console\\Application->run(Object(Symfony\\Component\\Console\\Input\\ArgvInput), Object(Symfony\\Component\\Console\\Output\\ConsoleOutput))
#3 /home/merlijn/PhpstormProjects/nz-evenementenregistratie/vendor/laravel/framework/src/Illuminate/Foundation/Console/Kernel.php(129): Illuminate\\Console\\Application->run(Object(Symfony\\Component\\Console\\Input\\ArgvInput), Object(Symfony\\Component\\Console\\Output\\ConsoleOutput))
#4 /home/merlijn/PhpstormProjects/nz-evenementenregistratie/artisan(37): Illuminate\\Foundation\\Console\\Kernel->handle(Object(Symfony\\Component\\Console\\Input\\ArgvInput), Object(Symfony\\Component\\Console\\Output\\ConsoleOutput))
#5 {main}
"} 
[2020-04-15 09:09:28] local.ERROR: SQLSTATE[HY000]: General error: 1364 Field 'role' doesn't have a default value (SQL: insert into `users` (`name`, `email`, `password`, `email_verified_at`, `updated_at`, `created_at`) values (Johan, Johan@example.com, $2y$10$8HZhxep7bIbiTtuo.I3WvOSPP3STnIHTtwST5uxvMBOcQfiC1BoHS, 2020-04-15 09:09:27, 2020-04-15 09:09:27, 2020-04-15 09:09:27)) {"exception":"[object] (Illuminate\\Database\\QueryException(code: HY000): SQLSTATE[HY000]: General error: 1364 Field 'role' doesn't have a default value (SQL: insert into `users` (`name`, `email`, `password`, `email_verified_at`, `updated_at`, `created_at`) values (Johan, Johan@example.com, $2y$10$8HZhxep7bIbiTtuo.I3WvOSPP3STnIHTtwST5uxvMBOcQfiC1BoHS, 2020-04-15 09:09:27, 2020-04-15 09:09:27, 2020-04-15 09:09:27)) at /home/merlijn/PhpstormProjects/nz-evenementenregistratie/vendor/laravel/framework/src/Illuminate/Database/Connection.php:671)
[stacktrace]
#0 /home/merlijn/PhpstormProjects/nz-evenementenregistratie/vendor/laravel/framework/src/Illuminate/Database/Connection.php(631): Illuminate\\Database\\Connection->runQueryCallback('insert into `us...', Array, Object(Closure))
#1 /home/merlijn/PhpstormProjects/nz-evenementenregistratie/vendor/laravel/framework/src/Illuminate/Database/Connection.php(465): Illuminate\\Database\\Connection->run('insert into `us...', Array, Object(Closure))
#2 /home/merlijn/PhpstormProjects/nz-evenementenregistratie/vendor/laravel/framework/src/Illuminate/Database/Connection.php(417): Illuminate\\Database\\Connection->statement('insert into `us...', Array)
#3 /home/merlijn/PhpstormProjects/nz-evenementenregistratie/vendor/laravel/framework/src/Illuminate/Database/Query/Processors/Processor.php(32): Illuminate\\Database\\Connection->insert('insert into `us...', Array)
#4 /home/merlijn/PhpstormProjects/nz-evenementenregistratie/vendor/laravel/framework/src/Illuminate/Database/Query/Builder.php(2724): Illuminate\\Database\\Query\\Processors\\Processor->processInsertGetId(Object(Illuminate\\Database\\Query\\Builder), 'insert into `us...', Array, 'id')
#5 /home/merlijn/PhpstormProjects/nz-evenementenregistratie/vendor/laravel/framework/src/Illuminate/Database/Eloquent/Builder.php(1381): Illuminate\\Database\\Query\\Builder->insertGetId(Array, 'id')
#6 /home/merlijn/PhpstormProjects/nz-evenementenregistratie/vendor/laravel/framework/src/Illuminate/Database/Eloquent/Model.php(865): Illuminate\\Database\\Eloquent\\Builder->__call('insertGetId', Array)
#7 /home/merlijn/PhpstormProjects/nz-evenementenregistratie/vendor/laravel/framework/src/Illuminate/Database/Eloquent/Model.php(830): Illuminate\\Database\\Eloquent\\Model->insertAndSetId(Object(Illuminate\\Database\\Eloquent\\Builder), Array)
#8 /home/merlijn/PhpstormProjects/nz-evenementenregistratie/vendor/laravel/framework/src/Illuminate/Database/Eloquent/Model.php(693): Illuminate\\Database\\Eloquent\\Model->performInsert(Object(Illuminate\\Database\\Eloquent\\Builder))
#9 /home/merlijn/PhpstormProjects/nz-evenementenregistratie/database/migrations/2014_10_12_000000_create_users_table.php(35): Illuminate\\Database\\Eloquent\\Model->save()
#10 /home/merlijn/PhpstormProjects/nz-evenementenregistratie/vendor/laravel/framework/src/Illuminate/Database/Migrations/Migrator.php(392): CreateUsersTable->up()
#11 /home/merlijn/PhpstormProjects/nz-evenementenregistratie/vendor/laravel/framework/src/Illuminate/Database/Migrations/Migrator.php(401): Illuminate\\Database\\Migrations\\Migrator->Illuminate\\Database\\Migrations\\{closure}()
#12 /home/merlijn/PhpstormProjects/nz-evenementenregistratie/vendor/laravel/framework/src/Illuminate/Database/Migrations/Migrator.php(200): Illuminate\\Database\\Migrations\\Migrator->runMigration(Object(CreateUsersTable), 'up')
#13 /home/merlijn/PhpstormProjects/nz-evenementenregistratie/vendor/laravel/framework/src/Illuminate/Database/Migrations/Migrator.php(165): Illuminate\\Database\\Migrations\\Migrator->runUp('/home/merlijn/P...', 1, false)
#14 /home/merlijn/PhpstormProjects/nz-evenementenregistratie/vendor/laravel/framework/src/Illuminate/Database/Migrations/Migrator.php(110): Illuminate\\Database\\Migrations\\Migrator->runPending(Array, Array)
#15 /home/merlijn/PhpstormProjects/nz-evenementenregistratie/vendor/laravel/framework/src/Illuminate/Database/Console/Migrations/MigrateCommand.php(72): Illuminate\\Database\\Migrations\\Migrator->run(Array, Array)
#16 /home/merlijn/PhpstormProjects/nz-evenementenregistratie/vendor/laravel/framework/src/Illuminate/Database/Migrations/Migrator.php(541): Illuminate\\Database\\Console\\Migrations\\MigrateCommand->Illuminate\\Database\\Console\\Migrations\\{closure}()
#17 /home/merlijn/PhpstormProjects/nz-evenementenregistratie/vendor/laravel/framework/src/Illuminate/Database/Console/Migrations/MigrateCommand.php(81): Illuminate\\Database\\Migrations\\Migrator->usingConnection(NULL, Object(Closure))
#18 [internal function]: Illuminate\\Database\\Console\\Migrations\\MigrateCommand->handle()
#19 /home/merlijn/PhpstormProjects/nz-evenementenregistratie/vendor/laravel/framework/src/Illuminate/Container/BoundMethod.php(32): call_user_func_array(Array, Array)
#20 /home/merlijn/PhpstormProjects/nz-evenementenregistratie/vendor/laravel/framework/src/Illuminate/Container/Util.php(36): Illuminate\\Container\\BoundMethod::Illuminate\\Container\\{closure}()
#21 /home/merlijn/PhpstormProjects/nz-evenementenregistratie/vendor/laravel/framework/src/Illuminate/Container/BoundMethod.php(90): Illuminate\\Container\\Util::unwrapIfClosure(Object(Closure))
#22 /home/merlijn/PhpstormProjects/nz-evenementenregistratie/vendor/laravel/framework/src/Illuminate/Container/BoundMethod.php(34): Illuminate\\Container\\BoundMethod::callBoundMethod(Object(Illuminate\\Foundation\\Application), Array, Object(Closure))
#23 /home/merlijn/PhpstormProjects/nz-evenementenregistratie/vendor/laravel/framework/src/Illuminate/Container/Container.php(592): Illuminate\\Container\\BoundMethod::call(Object(Illuminate\\Foundation\\Application), Array, Array, NULL)
#24 /home/merlijn/PhpstormProjects/nz-evenementenregistratie/vendor/laravel/framework/src/Illuminate/Console/Command.php(134): Illuminate\\Container\\Container->call(Array)
#25 /home/merlijn/PhpstormProjects/nz-evenementenregistratie/vendor/symfony/console/Command/Command.php(255): Illuminate\\Console\\Command->execute(Object(Symfony\\Component\\Console\\Input\\ArrayInput), Object(Illuminate\\Console\\OutputStyle))
#26 /home/merlijn/PhpstormProjects/nz-evenementenregistratie/vendor/laravel/framework/src/Illuminate/Console/Command.php(121): Symfony\\Component\\Console\\Command\\Command->run(Object(Symfony\\Component\\Console\\Input\\ArrayInput), Object(Illuminate\\Console\\OutputStyle))
#27 /home/merlijn/PhpstormProjects/nz-evenementenregistratie/vendor/laravel/framework/src/Illuminate/Console/Concerns/CallsCommands.php(56): Illuminate\\Console\\Command->run(Object(Symfony\\Component\\Console\\Input\\ArrayInput), Object(Illuminate\\Console\\OutputStyle))
#28 /home/merlijn/PhpstormProjects/nz-evenementenregistratie/vendor/laravel/framework/src/Illuminate/Console/Concerns/CallsCommands.php(28): Illuminate\\Console\\Command->runCommand('migrate', Array, Object(Illuminate\\Console\\OutputStyle))
#29 /home/merlijn/PhpstormProjects/nz-evenementenregistratie/vendor/laravel/framework/src/Illuminate/Database/Console/Migrations/FreshCommand.php(52): Illuminate\\Console\\Command->call('migrate', Array)
#30 [internal function]: Illuminate\\Database\\Console\\Migrations\\FreshCommand->handle()
#31 /home/merlijn/PhpstormProjects/nz-evenementenregistratie/vendor/laravel/framework/src/Illuminate/Container/BoundMethod.php(32): call_user_func_array(Array, Array)
#32 /home/merlijn/PhpstormProjects/nz-evenementenregistratie/vendor/laravel/framework/src/Illuminate/Container/Util.php(36): Illuminate\\Container\\BoundMethod::Illuminate\\Container\\{closure}()
#33 /home/merlijn/PhpstormProjects/nz-evenementenregistratie/vendor/laravel/framework/src/Illuminate/Container/BoundMethod.php(90): Illuminate\\Container\\Util::unwrapIfClosure(Object(Closure))
#34 /home/merlijn/PhpstormProjects/nz-evenementenregistratie/vendor/laravel/framework/src/Illuminate/Container/BoundMethod.php(34): Illuminate\\Container\\BoundMethod::callBoundMethod(Object(Illuminate\\Foundation\\Application), Array, Object(Closure))
#35 /home/merlijn/PhpstormProjects/nz-evenementenregistratie/vendor/laravel/framework/src/Illuminate/Container/Container.php(592): Illuminate\\Container\\BoundMethod::call(Object(Illuminate\\Foundation\\Application), Array, Array, NULL)
#36 /home/merlijn/PhpstormProjects/nz-evenementenregistratie/vendor/laravel/framework/src/Illuminate/Console/Command.php(134): Illuminate\\Container\\Container->call(Array)
#37 /home/merlijn/PhpstormProjects/nz-evenementenregistratie/vendor/symfony/console/Command/Command.php(255): Illuminate\\Console\\Command->execute(Object(Symfony\\Component\\Console\\Input\\ArgvInput), Object(Illuminate\\Console\\OutputStyle))
#38 /home/merlijn/PhpstormProjects/nz-evenementenregistratie/vendor/laravel/framework/src/Illuminate/Console/Command.php(121): Symfony\\Component\\Console\\Command\\Command->run(Object(Symfony\\Component\\Console\\Input\\ArgvInput), Object(Illuminate\\Console\\OutputStyle))
#39 /home/merlijn/PhpstormProjects/nz-evenementenregistratie/vendor/symfony/console/Application.php(912): Illuminate\\Console\\Command->run(Object(Symfony\\Component\\Console\\Input\\ArgvInput), Object(Symfony\\Component\\Console\\Output\\ConsoleOutput))
#40 /home/merlijn/PhpstormProjects/nz-evenementenregistratie/vendor/symfony/console/Application.php(264): Symfony\\Component\\Console\\Application->doRunCommand(Object(Illuminate\\Database\\Console\\Migrations\\FreshCommand), Object(Symfony\\Component\\Console\\Input\\ArgvInput), Object(Symfony\\Component\\Console\\Output\\ConsoleOutput))
#41 /home/merlijn/PhpstormProjects/nz-evenementenregistratie/vendor/symfony/console/Application.php(140): Symfony\\Component\\Console\\Application->doRun(Object(Symfony\\Component\\Console\\Input\\ArgvInput), Object(Symfony\\Component\\Console\\Output\\ConsoleOutput))
#42 /home/merlijn/PhpstormProjects/nz-evenementenregistratie/vendor/laravel/framework/src/Illuminate/Console/Application.php(93): Symfony\\Component\\Console\\Application->run(Object(Symfony\\Component\\Console\\Input\\ArgvInput), Object(Symfony\\Component\\Console\\Output\\ConsoleOutput))
#43 /home/merlijn/PhpstormProjects/nz-evenementenregistratie/vendor/laravel/framework/src/Illuminate/Foundation/Console/Kernel.php(129): Illuminate\\Console\\Application->run(Object(Symfony\\Component\\Console\\Input\\ArgvInput), Object(Symfony\\Component\\Console\\Output\\ConsoleOutput))
#44 /home/merlijn/PhpstormProjects/nz-evenementenregistratie/artisan(37): Illuminate\\Foundation\\Console\\Kernel->handle(Object(Symfony\\Component\\Console\\Input\\ArgvInput), Object(Symfony\\Component\\Console\\Output\\ConsoleOutput))
#45 {main}

[previous exception] [object] (PDOException(code: HY000): SQLSTATE[HY000]: General error: 1364 Field 'role' doesn't have a default value at /home/merlijn/PhpstormProjects/nz-evenementenregistratie/vendor/laravel/framework/src/Illuminate/Database/Connection.php:464)
[stacktrace]
#0 /home/merlijn/PhpstormProjects/nz-evenementenregistratie/vendor/laravel/framework/src/Illuminate/Database/Connection.php(464): PDOStatement->execute()
#1 /home/merlijn/PhpstormProjects/nz-evenementenregistratie/vendor/laravel/framework/src/Illuminate/Database/Connection.php(664): Illuminate\\Database\\Connection->Illuminate\\Database\\{closure}('insert into `us...', Array)
#2 /home/merlijn/PhpstormProjects/nz-evenementenregistratie/vendor/laravel/framework/src/Illuminate/Database/Connection.php(631): Illuminate\\Database\\Connection->runQueryCallback('insert into `us...', Array, Object(Closure))
#3 /home/merlijn/PhpstormProjects/nz-evenementenregistratie/vendor/laravel/framework/src/Illuminate/Database/Connection.php(465): Illuminate\\Database\\Connection->run('insert into `us...', Array, Object(Closure))
#4 /home/merlijn/PhpstormProjects/nz-evenementenregistratie/vendor/laravel/framework/src/Illuminate/Database/Connection.php(417): Illuminate\\Database\\Connection->statement('insert into `us...', Array)
#5 /home/merlijn/PhpstormProjects/nz-evenementenregistratie/vendor/laravel/framework/src/Illuminate/Database/Query/Processors/Processor.php(32): Illuminate\\Database\\Connection->insert('insert into `us...', Array)
#6 /home/merlijn/PhpstormProjects/nz-evenementenregistratie/vendor/laravel/framework/src/Illuminate/Database/Query/Builder.php(2724): Illuminate\\Database\\Query\\Processors\\Processor->processInsertGetId(Object(Illuminate\\Database\\Query\\Builder), 'insert into `us...', Array, 'id')
#7 /home/merlijn/PhpstormProjects/nz-evenementenregistratie/vendor/laravel/framework/src/Illuminate/Database/Eloquent/Builder.php(1381): Illuminate\\Database\\Query\\Builder->insertGetId(Array, 'id')
#8 /home/merlijn/PhpstormProjects/nz-evenementenregistratie/vendor/laravel/framework/src/Illuminate/Database/Eloquent/Model.php(865): Illuminate\\Database\\Eloquent\\Builder->__call('insertGetId', Array)
#9 /home/merlijn/PhpstormProjects/nz-evenementenregistratie/vendor/laravel/framework/src/Illuminate/Database/Eloquent/Model.php(830): Illuminate\\Database\\Eloquent\\Model->insertAndSetId(Object(Illuminate\\Database\\Eloquent\\Builder), Array)
#10 /home/merlijn/PhpstormProjects/nz-evenementenregistratie/vendor/laravel/framework/src/Illuminate/Database/Eloquent/Model.php(693): Illuminate\\Database\\Eloquent\\Model->performInsert(Object(Illuminate\\Database\\Eloquent\\Builder))
#11 /home/merlijn/PhpstormProjects/nz-evenementenregistratie/database/migrations/2014_10_12_000000_create_users_table.php(35): Illuminate\\Database\\Eloquent\\Model->save()
#12 /home/merlijn/PhpstormProjects/nz-evenementenregistratie/vendor/laravel/framework/src/Illuminate/Database/Migrations/Migrator.php(392): CreateUsersTable->up()
#13 /home/merlijn/PhpstormProjects/nz-evenementenregistratie/vendor/laravel/framework/src/Illuminate/Database/Migrations/Migrator.php(401): Illuminate\\Database\\Migrations\\Migrator->Illuminate\\Database\\Migrations\\{closure}()
#14 /home/merlijn/PhpstormProjects/nz-evenementenregistratie/vendor/laravel/framework/src/Illuminate/Database/Migrations/Migrator.php(200): Illuminate\\Database\\Migrations\\Migrator->runMigration(Object(CreateUsersTable), 'up')
#15 /home/merlijn/PhpstormProjects/nz-evenementenregistratie/vendor/laravel/framework/src/Illuminate/Database/Migrations/Migrator.php(165): Illuminate\\Database\\Migrations\\Migrator->runUp('/home/merlijn/P...', 1, false)
#16 /home/merlijn/PhpstormProjects/nz-evenementenregistratie/vendor/laravel/framework/src/Illuminate/Database/Migrations/Migrator.php(110): Illuminate\\Database\\Migrations\\Migrator->runPending(Array, Array)
#17 /home/merlijn/PhpstormProjects/nz-evenementenregistratie/vendor/laravel/framework/src/Illuminate/Database/Console/Migrations/MigrateCommand.php(72): Illuminate\\Database\\Migrations\\Migrator->run(Array, Array)
#18 /home/merlijn/PhpstormProjects/nz-evenementenregistratie/vendor/laravel/framework/src/Illuminate/Database/Migrations/Migrator.php(541): Illuminate\\Database\\Console\\Migrations\\MigrateCommand->Illuminate\\Database\\Console\\Migrations\\{closure}()
#19 /home/merlijn/PhpstormProjects/nz-evenementenregistratie/vendor/laravel/framework/src/Illuminate/Database/Console/Migrations/MigrateCommand.php(81): Illuminate\\Database\\Migrations\\Migrator->usingConnection(NULL, Object(Closure))
#20 [internal function]: Illuminate\\Database\\Console\\Migrations\\MigrateCommand->handle()
#21 /home/merlijn/PhpstormProjects/nz-evenementenregistratie/vendor/laravel/framework/src/Illuminate/Container/BoundMethod.php(32): call_user_func_array(Array, Array)
#22 /home/merlijn/PhpstormProjects/nz-evenementenregistratie/vendor/laravel/framework/src/Illuminate/Container/Util.php(36): Illuminate\\Container\\BoundMethod::Illuminate\\Container\\{closure}()
#23 /home/merlijn/PhpstormProjects/nz-evenementenregistratie/vendor/laravel/framework/src/Illuminate/Container/BoundMethod.php(90): Illuminate\\Container\\Util::unwrapIfClosure(Object(Closure))
#24 /home/merlijn/PhpstormProjects/nz-evenementenregistratie/vendor/laravel/framework/src/Illuminate/Container/BoundMethod.php(34): Illuminate\\Container\\BoundMethod::callBoundMethod(Object(Illuminate\\Foundation\\Application), Array, Object(Closure))
#25 /home/merlijn/PhpstormProjects/nz-evenementenregistratie/vendor/laravel/framework/src/Illuminate/Container/Container.php(592): Illuminate\\Container\\BoundMethod::call(Object(Illuminate\\Foundation\\Application), Array, Array, NULL)
#26 /home/merlijn/PhpstormProjects/nz-evenementenregistratie/vendor/laravel/framework/src/Illuminate/Console/Command.php(134): Illuminate\\Container\\Container->call(Array)
#27 /home/merlijn/PhpstormProjects/nz-evenementenregistratie/vendor/symfony/console/Command/Command.php(255): Illuminate\\Console\\Command->execute(Object(Symfony\\Component\\Console\\Input\\ArrayInput), Object(Illuminate\\Console\\OutputStyle))
#28 /home/merlijn/PhpstormProjects/nz-evenementenregistratie/vendor/laravel/framework/src/Illuminate/Console/Command.php(121): Symfony\\Component\\Console\\Command\\Command->run(Object(Symfony\\Component\\Console\\Input\\ArrayInput), Object(Illuminate\\Console\\OutputStyle))
#29 /home/merlijn/PhpstormProjects/nz-evenementenregistratie/vendor/laravel/framework/src/Illuminate/Console/Concerns/CallsCommands.php(56): Illuminate\\Console\\Command->run(Object(Symfony\\Component\\Console\\Input\\ArrayInput), Object(Illuminate\\Console\\OutputStyle))
#30 /home/merlijn/PhpstormProjects/nz-evenementenregistratie/vendor/laravel/framework/src/Illuminate/Console/Concerns/CallsCommands.php(28): Illuminate\\Console\\Command->runCommand('migrate', Array, Object(Illuminate\\Console\\OutputStyle))
#31 /home/merlijn/PhpstormProjects/nz-evenementenregistratie/vendor/laravel/framework/src/Illuminate/Database/Console/Migrations/FreshCommand.php(52): Illuminate\\Console\\Command->call('migrate', Array)
#32 [internal function]: Illuminate\\Database\\Console\\Migrations\\FreshCommand->handle()
#33 /home/merlijn/PhpstormProjects/nz-evenementenregistratie/vendor/laravel/framework/src/Illuminate/Container/BoundMethod.php(32): call_user_func_array(Array, Array)
#34 /home/merlijn/PhpstormProjects/nz-evenementenregistratie/vendor/laravel/framework/src/Illuminate/Container/Util.php(36): Illuminate\\Container\\BoundMethod::Illuminate\\Container\\{closure}()
#35 /home/merlijn/PhpstormProjects/nz-evenementenregistratie/vendor/laravel/framework/src/Illuminate/Container/BoundMethod.php(90): Illuminate\\Container\\Util::unwrapIfClosure(Object(Closure))
#36 /home/merlijn/PhpstormProjects/nz-evenementenregistratie/vendor/laravel/framework/src/Illuminate/Container/BoundMethod.php(34): Illuminate\\Container\\BoundMethod::callBoundMethod(Object(Illuminate\\Foundation\\Application), Array, Object(Closure))
#37 /home/merlijn/PhpstormProjects/nz-evenementenregistratie/vendor/laravel/framework/src/Illuminate/Container/Container.php(592): Illuminate\\Container\\BoundMethod::call(Object(Illuminate\\Foundation\\Application), Array, Array, NULL)
#38 /home/merlijn/PhpstormProjects/nz-evenementenregistratie/vendor/laravel/framework/src/Illuminate/Console/Command.php(134): Illuminate\\Container\\Container->call(Array)
#39 /home/merlijn/PhpstormProjects/nz-evenementenregistratie/vendor/symfony/console/Command/Command.php(255): Illuminate\\Console\\Command->execute(Object(Symfony\\Component\\Console\\Input\\ArgvInput), Object(Illuminate\\Console\\OutputStyle))
#40 /home/merlijn/PhpstormProjects/nz-evenementenregistratie/vendor/laravel/framework/src/Illuminate/Console/Command.php(121): Symfony\\Component\\Console\\Command\\Command->run(Object(Symfony\\Component\\Console\\Input\\ArgvInput), Object(Illuminate\\Console\\OutputStyle))
#41 /home/merlijn/PhpstormProjects/nz-evenementenregistratie/vendor/symfony/console/Application.php(912): Illuminate\\Console\\Command->run(Object(Symfony\\Component\\Console\\Input\\ArgvInput), Object(Symfony\\Component\\Console\\Output\\ConsoleOutput))
#42 /home/merlijn/PhpstormProjects/nz-evenementenregistratie/vendor/symfony/console/Application.php(264): Symfony\\Component\\Console\\Application->doRunCommand(Object(Illuminate\\Database\\Console\\Migrations\\FreshCommand), Object(Symfony\\Component\\Console\\Input\\ArgvInput), Object(Symfony\\Component\\Console\\Output\\ConsoleOutput))
#43 /home/merlijn/PhpstormProjects/nz-evenementenregistratie/vendor/symfony/console/Application.php(140): Symfony\\Component\\Console\\Application->doRun(Object(Symfony\\Component\\Console\\Input\\ArgvInput), Object(Symfony\\Component\\Console\\Output\\ConsoleOutput))
#44 /home/merlijn/PhpstormProjects/nz-evenementenregistratie/vendor/laravel/framework/src/Illuminate/Console/Application.php(93): Symfony\\Component\\Console\\Application->run(Object(Symfony\\Component\\Console\\Input\\ArgvInput), Object(Symfony\\Component\\Console\\Output\\ConsoleOutput))
#45 /home/merlijn/PhpstormProjects/nz-evenementenregistratie/vendor/laravel/framework/src/Illuminate/Foundation/Console/Kernel.php(129): Illuminate\\Console\\Application->run(Object(Symfony\\Component\\Console\\Input\\ArgvInput), Object(Symfony\\Component\\Console\\Output\\ConsoleOutput))
#46 /home/merlijn/PhpstormProjects/nz-evenementenregistratie/artisan(37): Illuminate\\Foundation\\Console\\Kernel->handle(Object(Symfony\\Component\\Console\\Input\\ArgvInput), Object(Symfony\\Component\\Console\\Output\\ConsoleOutput))
#47 {main}
"} 
